[09-11-2020 22:41:22] Optimized file /wp-content/uploads/2020/10/Martyna_i_Dominik_sesja-19-scaled-1024x684.jpg from 103 KB to 50 KB
[09-11-2020 22:41:23] Optimized file /wp-content/uploads/2020/10/Martyna_i_Dominik_sesja-19-scaled-150x150.jpg from 31 KB to 4 KB
[09-11-2020 22:41:23] Optimized file /wp-content/uploads/2020/10/Martyna_i_Dominik_sesja-19-scaled-768x513.jpg from 76 KB to 33 KB
[09-11-2020 22:41:24] Optimized file /wp-content/uploads/2020/10/Martyna_i_Dominik_sesja-19-scaled-1536x1025.jpg from 166 KB to 91 KB
[09-11-2020 22:41:25] Optimized file /wp-content/uploads/2020/10/Martyna_i_Dominik_sesja-19-scaled-2048x1367.jpg from 237 KB to 138 KB
[09-11-2020 22:41:25] Optimized file /wp-content/uploads/2020/10/Martyna_i_Dominik_sesja-19-scaled-850x567.jpg from 84 KB to 38 KB
[09-11-2020 22:41:26] Optimized file /wp-content/uploads/2020/10/Martyna_i_Dominik_sesja-19-scaled-1200x801.jpg from 123 KB to 63 KB
[09-11-2020 22:41:26] Bulk optimization launched for file : /home/platne/serwer49633/public_html/studiocollective.pl/wp-content/uploads/2020/10/Martyna_i_Dominik-25-scaled.jpg
[09-11-2020 22:41:26] Revert original image for : /wp-content/uploads/2020/10/Martyna_i_Dominik-25-scaled.jpg
[09-11-2020 22:41:29] Optimized file /wp-content/uploads/2020/10/Martyna_i_Dominik-25-scaled.jpg from 319 KB to 199 KB
[09-11-2020 22:41:30] Optimized file /wp-content/uploads/2020/10/Martyna_i_Dominik-25-scaled-300x200.jpg from 39 KB to 9 KB
[09-11-2020 22:41:32] Optimized file /wp-content/uploads/2020/10/Martyna_i_Dominik-25-scaled-1024x683.jpg from 104 KB to 53 KB
[09-11-2020 22:41:32] Optimized file /wp-content/uploads/2020/10/Martyna_i_Dominik-25-scaled-150x150.jpg from 33 KB to 5 KB
[09-11-2020 22:41:33] Optimized file /wp-content/uploads/2020/10/Martyna_i_Dominik-25-scaled-768x512.jpg from 77 KB to 35 KB
[09-11-2020 22:41:33] Optimized file /wp-content/uploads/2020/10/Martyna_i_Dominik-25-scaled-1536x1024.jpg from 164 KB to 94 KB
[09-11-2020 22:41:34] Optimized file /wp-content/uploads/2020/10/Martyna_i_Dominik-25-scaled-2048x1366.jpg from 235 KB to 142 KB
[09-11-2020 22:41:34] Optimized file /wp-content/uploads/2020/10/Martyna_i_Dominik-25-scaled-850x567.jpg from 85 KB to 41 KB
[09-11-2020 22:41:35] Optimized file /wp-content/uploads/2020/10/Martyna_i_Dominik-25-scaled-1200x800.jpg from 122 KB to 66 KB
[09-11-2020 22:41:36] Bulk optimization launched for file : /home/platne/serwer49633/public_html/studiocollective.pl/wp-content/uploads/2020/10/Martyna_i_Dominik-35-scaled.jpg
[09-11-2020 22:41:36] Revert original image for : /wp-content/uploads/2020/10/Martyna_i_Dominik-35-scaled.jpg[09-11-2020 22:41:38] Optimized file /wp-content/uploads/2020/10/Martyna_i_Dominik-35-scaled.jpg from 240 KB to 146 KB
[09-11-2020 22:41:39] Optimized file /wp-content/uploads/2020/10/Martyna_i_Dominik-35-scaled-200x300.jpg from 33 KB to 7 KB
[09-11-2020 22:41:40] Optimized file /wp-content/uploads/2020/10/Martyna_i_Dominik-35-scaled-684x1024.jpg from 80 KB to 39 KB
[09-11-2020 22:41:41] Optimized file /wp-content/uploads/2020/10/Martyna_i_Dominik-35-scaled-150x150.jpg from 28 KB to 3 KB
[09-11-2020 22:41:42] Optimized file /wp-content/uploads/2020/10/Martyna_i_Dominik-35-scaled-768x1150.jpg from 90 KB to 46 KB
[09-11-2020 22:41:42] Optimized file /wp-content/uploads/2020/10/Martyna_i_Dominik-35-scaled-1025x1536.jpg from 126 KB to 71 KB
[09-11-2020 22:41:44] Optimized file /wp-content/uploads/2020/10/Martyna_i_Dominik-35-scaled-1367x2048.jpg from 181 KB to 108 KB
[09-11-2020 22:41:45] Optimized file /wp-content/uploads/2020/10/Martyna_i_Dominik-35-scaled-850x1273.jpg from 102 KB to 54 KB
[09-11-2020 22:41:45] Optimized file /wp-content/uploads/2020/10/Martyna_i_Dominik-35-scaled-1200x1798.jpg from 153 KB to 89 KB
[09-11-2020 22:41:46] Bulk optimization launched for file : /home/platne/serwer49633/public_html/studiocollective.pl/wp-content/uploads/2020/10/Martyna_i_Dominik-47-scaled.jpg
[09-11-2020 22:41:46] Revert original image for : /wp-content/uploads/2020/10/Martyna_i_Dominik-47-scaled.jpg
[09-11-2020 22:41:49] Optimized file /wp-content/uploads/2020/10/Martyna_i_Dominik-47-scaled.jpg from 234 KB to 144 KB
[09-11-2020 22:41:49] Optimized file /wp-content/uploads/2020/10/Martyna_i_Dominik-47-scaled-300x200.jpg from 31 KB to 6 KB
[09-11-2020 22:41:50] Optimized file /wp-content/uploads/2020/10/Martyna_i_Dominik-47-scaled-1024x684.jpg from 75 KB to 38 KB
[09-11-2020 22:41:50] Optimized file /wp-content/uploads/2020/10/Martyna_i_Dominik-47-scaled-150x150.jpg from 27 KB to 3 KB
[09-11-2020 22:41:51] Optimized file /wp-content/uploads/2020/10/Martyna_i_Dominik-47-scaled-768x513.jpg from 57 KB to 25 KB
[09-11-2020 22:41:51] Optimized file /wp-content/uploads/2020/10/Martyna_i_Dominik-47-scaled-1536x1025.jpg from 120 KB to 68 KB
[09-11-2020 22:41:53] Optimized file /wp-content/uploads/2020/10/Martyna_i_Dominik-47-scaled-2048x1367.jpg from 173 KB to 104 KB
[09-11-2020 22:41:54] Optimized file /wp-content/uploads/2020/10/Martyna_i_Dominik-47-scaled-850x567.jpg from 62 KB to 29 KB
[09-11-2020 22:41:56] Optimized file /wp-content/uploads/2020/10/Martyna_i_Dominik-47-scaled-1200x801.jpg from 89 KB to 47 KB
[09-11-2020 22:41:56] Bulk optimization launched for file : /home/platne/serwer49633/public_html/studiocollective.pl/wp-content/uploads/2020/10/Martyna_i_Dominik-73-scaled.jpg
[09-11-2020 22:41:56] Revert original image for : /wp-content/uploads/2020/10/Martyna_i_Dominik-73-scaled.jpg
[09-11-2020 22:41:59] Optimized file /wp-content/uploads/2020/10/Martyna_i_Dominik-73-scaled.jpg from 321 KB to 199 KB
[09-11-2020 22:41:59] Optimized file /wp-content/uploads/2020/10/Martyna_i_Dominik-73-scaled-300x200.jpg from 34 KB to 7 KB
[09-11-2020 22:42:00] Optimized file /wp-content/uploads/2020/10/Martyna_i_Dominik-73-scaled-1024x684.jpg from 93 KB to 47 KB
[09-11-2020 22:42:01] Optimized file /wp-content/uploads/2020/10/Martyna_i_Dominik-73-scaled-150x150.jpg from 29 KB to 3 KB
[09-11-2020 22:42:01] Optimized file /wp-content/uploads/2020/10/Martyna_i_Dominik-73-scaled-768x513.jpg from 68 KB to 30 KB
[09-11-2020 22:42:02] Optimized file /wp-content/uploads/2020/10/Martyna_i_Dominik-73-scaled-1536x1025.jpg from 154 KB to 88 KB
[09-11-2020 22:42:03] Optimized file /wp-content/uploads/2020/10/Martyna_i_Dominik-73-scaled-2048x1367.jpg from 227 KB to 137 KB
[09-11-2020 22:42:03] Optimized file /wp-content/uploads/2020/10/Martyna_i_Dominik-73-scaled-850x567.jpg from 76 KB to 35 KB
[09-11-2020 22:42:04] Optimized file /wp-content/uploads/2020/10/Martyna_i_Dominik-73-scaled-1200x801.jpg from 112 KB to 60 KB
[09-11-2020 22:42:04] Bulk optimization launched for file : /home/platne/serwer49633/public_html/studiocollective.pl/wp-content/uploads/2020/10/Martyna_i_Dominik-109-scaled.jpg
[09-11-2020 22:42:04] Revert original image for : /wp-content/uploads/2020/10/Martyna_i_Dominik-109-scaled.jpg
[09-11-2020 22:42:07] Optimized file /wp-content/uploads/2020/10/Martyna_i_Dominik-109-scaled.jpg from 358 KB to 232 KB
[09-11-2020 22:42:08] Optimized file /wp-content/uploads/2020/10/Martyna_i_Dominik-109-scaled-300x200.jpg from 37 KB to 8 KB
[09-11-2020 22:42:09] Optimized file /wp-content/uploads/2020/10/Martyna_i_Dominik-109-scaled-1024x683.jpg from 101 KB to 51 KB
[09-11-2020 22:42:10] Optimized file /wp-content/uploads/2020/10/Martyna_i_Dominik-109-scaled-150x150.jpg from 31 KB to 4 KB
[09-11-2020 22:42:10] Optimized file /wp-content/uploads/2020/10/Martyna_i_Dominik-109-scaled-768x512.jpg from 74 KB to 32 KB
[09-11-2020 22:42:12] Optimized file /wp-content/uploads/2020/10/Martyna_i_Dominik-109-scaled-1536x1024.jpg from 165 KB to 95 KB
[09-11-2020 22:42:13] Optimized file /wp-content/uploads/2020/10/Martyna_i_Dominik-109-scaled-2048x1366.jpg from 247 KB to 151 KB
[09-11-2020 22:42:14] Optimized file /wp-content/uploads/2020/10/Martyna_i_Dominik-109-scaled-850x567.jpg from 82 KB to 38 KB
[09-11-2020 22:42:15] Optimized file /wp-content/uploads/2020/10/Martyna_i_Dominik-109-scaled-1200x800.jpg from 120 KB to 64 KB
[09-11-2020 22:42:16] Bulk optimization launched for file : /home/platne/serwer49633/public_html/studiocollective.pl/wp-content/uploads/2020/10/Martyna_i_Dominik-233-scaled.jpg
[09-11-2020 22:42:16] Revert original image for : /wp-content/uploads/2020/10/Martyna_i_Dominik-233-scaled.jpg
[09-11-2020 22:42:21] Optimized file /wp-content/uploads/2020/10/Martyna_i_Dominik-233-scaled.jpg from 464 KB to 294 KB
[09-11-2020 22:42:21] Optimized file /wp-content/uploads/2020/10/Martyna_i_Dominik-233-scaled-300x200.jpg from 41 KB to 9 KB
[09-11-2020 22:42:22] Optimized file /wp-content/uploads/2020/10/Martyna_i_Dominik-233-scaled-1024x684.jpg from 130 KB to 70 KB
[09-11-2020 22:42:23] Optimized file /wp-content/uploads/2020/10/Martyna_i_Dominik-233-scaled-150x150.jpg from 34 KB to 5 KB
[09-11-2020 22:42:23] Optimized file /wp-content/uploads/2020/10/Martyna_i_Dominik-233-scaled-768x513.jpg from 93 KB to 45 KB
[09-11-2020 22:42:25] Optimized file /wp-content/uploads/2020/10/Martyna_i_Dominik-233-scaled-1536x1025.jpg from 222 KB to 132 KB
[09-11-2020 22:42:28] Optimized file /wp-content/uploads/2020/10/Martyna_i_Dominik-233-scaled-2048x1367.jpg from 328 KB to 203 KB
[09-11-2020 22:42:28] Optimized file /wp-content/uploads/2020/10/Martyna_i_Dominik-233-scaled-850x567.jpg from 104 KB to 52 KB
[09-11-2020 22:42:29] Optimized file /wp-content/uploads/2020/10/Martyna_i_Dominik-233-scaled-1200x801.jpg from 160 KB to 90 KB
[09-11-2020 22:42:29] Bulk optimization launched for file : /home/platne/serwer49633/public_html/studiocollective.pl/wp-content/uploads/2020/10/Martyna_i_Dominik-279-scaled.jpg
[09-11-2020 22:42:29] Revert original image for : /wp-content/uploads/2020/10/Martyna_i_Dominik-279-scaled.jpg
[09-11-2020 22:42:32] Optimized file /wp-content/uploads/2020/10/Martyna_i_Dominik-279-scaled.jpg from 327 KB to 196 KB
[09-11-2020 22:42:32] Optimized file /wp-content/uploads/2020/10/Martyna_i_Dominik-279-scaled-300x200.jpg from 38 KB to 8 KB
[09-11-2020 22:42:33] Optimized file /wp-content/uploads/2020/10/Martyna_i_Dominik-279-scaled-1024x684.jpg from 106 KB to 52 KB
[09-11-2020 22:42:34] Optimized file /wp-content/uploads/2020/10/Martyna_i_Dominik-279-scaled-150x150.jpg from 31 KB to 4 KB
[09-11-2020 22:42:35] Optimized file /wp-content/uploads/2020/10/Martyna_i_Dominik-279-scaled-768x513.jpg from 79 KB to 34 KB
[09-11-2020 22:42:35] Optimized file /wp-content/uploads/2020/10/Martyna_i_Dominik-279-scaled-1536x1025.jpg from 170 KB to 94 KB
[09-11-2020 22:42:36] Optimized file /wp-content/uploads/2020/10/Martyna_i_Dominik-279-scaled-2048x1367.jpg from 243 KB to 141 KB
[09-11-2020 22:42:37] Optimized file /wp-content/uploads/2020/10/Martyna_i_Dominik-279-scaled-850x567.jpg from 87 KB to 40 KB
[09-11-2020 22:42:38] Optimized file /wp-content/uploads/2020/10/Martyna_i_Dominik-279-scaled-1200x801.jpg from 127 KB to 66 KB
[09-11-2020 22:42:38] Bulk optimization launched for file : /home/platne/serwer49633/public_html/studiocollective.pl/wp-content/uploads/2020/10/Martyna_i_Dominik-362-scaled.jpg
[09-11-2020 22:42:38] Revert original image for : /wp-content/uploads/2020/10/Martyna_i_Dominik-362-scaled.jpg
[09-11-2020 22:42:42] Optimized file /wp-content/uploads/2020/10/Martyna_i_Dominik-362-scaled.jpg from 260 KB to 201 KB
[09-11-2020 22:42:42] Optimized file /wp-content/uploads/2020/10/Martyna_i_Dominik-362-scaled-300x200.jpg from 34 KB to 8 KB
[09-11-2020 22:42:43] Optimized file /wp-content/uploads/2020/10/Martyna_i_Dominik-362-scaled-1024x684.jpg from 87 KB to 53 KB
[09-11-2020 22:42:43] Optimized file /wp-content/uploads/2020/10/Martyna_i_Dominik-362-scaled-150x150.jpg from 28 KB to 3 KB
[09-11-2020 22:42:44] Optimized file /wp-content/uploads/2020/10/Martyna_i_Dominik-362-scaled-768x513.jpg from 66 KB to 35 KB
[09-11-2020 22:42:44] Optimized file /wp-content/uploads/2020/10/Martyna_i_Dominik-362-scaled-1536x1025.jpg from 136 KB to 95 KB
[09-11-2020 22:42:45] Optimized file /wp-content/uploads/2020/10/Martyna_i_Dominik-362-scaled-2048x1367.jpg from 192 KB to 142 KB
[09-11-2020 22:42:46] Optimized file /wp-content/uploads/2020/10/Martyna_i_Dominik-362-scaled-850x567.jpg from 72 KB to 40 KB
[09-11-2020 22:42:47] Optimized file /wp-content/uploads/2020/10/Martyna_i_Dominik-362-scaled-1200x801.jpg from 103 KB to 67 KB
[09-11-2020 22:42:48] Bulk optimization launched for file : /home/platne/serwer49633/public_html/studiocollective.pl/wp-content/uploads/2020/10/reporta-scaled.jpg
[09-11-2020 22:42:48] Revert original image for : /wp-content/uploads/2020/10/reporta-scaled.jpg
[09-11-2020 22:42:53] Optimized file /wp-content/uploads/2020/10/reporta-scaled.jpg from 829 KB to 485 KB
[09-11-2020 22:42:53] Optimized file /wp-content/uploads/2020/10/reporta-scaled-300x200.jpg from 54 KB to 13 KB
[09-11-2020 22:42:54] Optimized file /wp-content/uploads/2020/10/reporta-scaled-1024x684.jpg from 204 KB to 103 KB
[09-11-2020 22:42:54] Optimized file /wp-content/uploads/2020/10/reporta-scaled-150x150.jpg from 42 KB to 5 KB
[09-11-2020 22:42:55] Optimized file /wp-content/uploads/2020/10/reporta-scaled-768x513.jpg from 138 KB to 64 KB
[09-11-2020 22:42:57] Optimized file /wp-content/uploads/2020/10/reporta-scaled-1536x1025.jpg from 367 KB to 204 KB
[09-11-2020 22:42:58] Optimized file /wp-content/uploads/2020/10/reporta-scaled-2048x1367.jpg from 560 KB to 321 KB
[09-11-2020 22:42:59] Optimized file /wp-content/uploads/2020/10/reporta-scaled-850x567.jpg from 157 KB to 76 KB
[09-11-2020 22:43:00] Optimized file /wp-content/uploads/2020/10/reporta-scaled-1200x801.jpg from 255 KB to 135 KB
[09-11-2020 22:43:01] Bulk optimization launched for file : /home/platne/serwer49633/public_html/studiocollective.pl/wp-content/uploads/2020/10/slide1-scaled.jpg
[09-11-2020 22:43:01] Revert original image for : /wp-content/uploads/2020/10/slide1-scaled.jpg
[09-11-2020 22:43:05] Optimized file /wp-content/uploads/2020/10/slide1-scaled.jpg from 702 KB to 410 KB
[09-11-2020 22:43:06] Optimized file /wp-content/uploads/2020/10/slide1-scaled-300x200.jpg from 49 KB to 11 KB
[09-11-2020 22:43:06] Optimized file /wp-content/uploads/2020/10/slide1-scaled-1024x684.jpg from 176 KB to 89 KB
[09-11-2020 22:43:07] Optimized file /wp-content/uploads/2020/10/slide1-scaled-150x150.jpg from 37 KB to 4 KB
[09-11-2020 22:43:07] Optimized file /wp-content/uploads/2020/10/slide1-scaled-768x513.jpg from 121 KB to 55 KB
[09-11-2020 22:43:08] Optimized file /wp-content/uploads/2020/10/slide1-scaled-1536x1025.jpg from 315 KB to 173 KB
[09-11-2020 22:43:09] Optimized file /wp-content/uploads/2020/10/slide1-scaled-2048x1367.jpg from 477 KB to 273 KB
[09-11-2020 22:43:10] Optimized file /wp-content/uploads/2020/10/slide1-scaled-850x567.jpg from 138 KB to 65 KB
[09-11-2020 22:43:11] Optimized file /wp-content/uploads/2020/10/slide1-scaled-1200x801.jpg from 221 KB to 115 KB
[09-11-2020 22:43:11] Bulk optimization launched for file : /home/platne/serwer49633/public_html/studiocollective.pl/wp-content/uploads/2020/10/slide2-scaled.jpg
[09-11-2020 22:43:11] Revert original image for : /wp-content/uploads/2020/10/slide2-scaled.jpg
[09-11-2020 22:43:14] Optimized file /wp-content/uploads/2020/10/slide2-scaled.jpg from 481 KB to 340 KB
[09-11-2020 22:43:15] Optimized file /wp-content/uploads/2020/10/slide2-scaled-300x198.jpg from 34 KB to 7 KB
[09-11-2020 22:43:15] Optimized file /wp-content/uploads/2020/10/slide2-scaled-1024x676.jpg from 96 KB to 51 KB
[09-11-2020 22:43:16] Optimized file /wp-content/uploads/2020/10/slide2-scaled-150x150.jpg from 29 KB to 4 KB
[09-11-2020 22:43:16] Optimized file /wp-content/uploads/2020/10/slide2-scaled-768x507.jpg from 68 KB to 31 KB
[09-11-2020 22:43:17] Optimized file /wp-content/uploads/2020/10/slide2-scaled-1536x1013.jpg from 176 KB to 110 KB
[09-11-2020 22:43:18] Optimized file /wp-content/uploads/2020/10/slide2-scaled-2048x1351.jpg from 292 KB to 196 KB
[09-11-2020 22:43:19] Optimized file /wp-content/uploads/2020/10/slide2-scaled-850x561.jpg from 76 KB to 37 KB
[09-11-2020 22:43:19] Optimized file /wp-content/uploads/2020/10/slide2-scaled-1200x792.jpg from 119 KB to 67 KB
[09-11-2020 22:43:20] Bulk optimization launched for file : /home/platne/serwer49633/public_html/studiocollective.pl/wp-content/uploads/2020/10/slide3-scaled.jpg
[09-11-2020 22:43:20] Revert original image for : /wp-content/uploads/2020/10/slide3-scaled.jpg
[09-11-2020 22:43:23] Optimized file /wp-content/uploads/2020/10/slide3-scaled.jpg from 285 KB to 175 KB
[09-11-2020 22:43:24] Optimized file /wp-content/uploads/2020/10/slide3-scaled-300x200.jpg from 37 KB to 8 KB
[09-11-2020 22:43:24] Optimized file /wp-content/uploads/2020/10/slide3-scaled-1024x684.jpg from 95 KB to 48 KB
[09-11-2020 22:43:25] Optimized file /wp-content/uploads/2020/10/slide3-scaled-150x150.jpg from 31 KB to 4 KB
[09-11-2020 22:43:26] Optimized file /wp-content/uploads/2020/10/slide3-scaled-768x513.jpg from 72 KB to 32 KB
[09-11-2020 22:43:26] Optimized file /wp-content/uploads/2020/10/slide3-scaled-1536x1025.jpg from 150 KB to 85 KB
[09-11-2020 22:43:27] Optimized file /wp-content/uploads/2020/10/slide3-scaled-2048x1367.jpg from 214 KB to 128 KB
[09-11-2020 22:43:29] Optimized file /wp-content/uploads/2020/10/slide3-scaled-850x567.jpg from 79 KB to 37 KB
[09-11-2020 22:43:30] Optimized file /wp-content/uploads/2020/10/slide3-scaled-1200x801.jpg from 113 KB to 60 KB
[09-11-2020 22:43:31] Bulk optimization launched for file : /home/platne/serwer49633/public_html/studiocollective.pl/wp-content/uploads/2020/10/slide5-scaled.jpg
[09-11-2020 22:43:31] Revert original image for : /wp-content/uploads/2020/10/slide5-scaled.jpg
[09-11-2020 22:43:34] Optimized file /wp-content/uploads/2020/10/slide5-scaled.jpg from 279 KB to 153 KB
[09-11-2020 22:43:34] Optimized file /wp-content/uploads/2020/10/slide5-scaled-300x200.jpg from 35 KB to 7 KB
[09-11-2020 22:43:36] Optimized file /wp-content/uploads/2020/10/slide5-scaled-1024x684.jpg from 90 KB to 40 KB
[09-11-2020 22:43:36] Optimized file /wp-content/uploads/2020/10/slide5-scaled-150x150.jpg from 29 KB to 3 KB
[09-11-2020 22:43:37] Optimized file /wp-content/uploads/2020/10/slide5-scaled-768x513.jpg from 68 KB to 27 KB
[09-11-2020 22:43:38] Optimized file /wp-content/uploads/2020/10/slide5-scaled-1536x1025.jpg from 144 KB to 73 KB
[09-11-2020 22:43:39] Optimized file /wp-content/uploads/2020/10/slide5-scaled-2048x1367.jpg from 206 KB to 111 KB
[09-11-2020 22:43:41] Optimized file /wp-content/uploads/2020/10/slide5-scaled-850x567.jpg from 74 KB to 31 KB
[09-11-2020 22:43:42] Optimized file /wp-content/uploads/2020/10/slide5-scaled-1200x801.jpg from 107 KB to 51 KB
[09-11-2020 22:43:42] Bulk optimization launched for file : /home/platne/serwer49633/public_html/studiocollective.pl/wp-content/uploads/2020/10/UrodzinyKasi-9-scaled.jpg
[09-11-2020 22:43:42] Revert original image for : /wp-content/uploads/2020/10/UrodzinyKasi-9-scaled.jpg
[09-11-2020 22:43:45] Optimized file /wp-content/uploads/2020/10/UrodzinyKasi-9-scaled.jpg from 236 KB to 143 KB
[09-11-2020 22:43:46] Optimized file /wp-content/uploads/2020/10/UrodzinyKasi-9-scaled-300x200.jpg from 27 KB to 4 KB
[09-11-2020 22:43:47] Optimized file /wp-content/uploads/2020/10/UrodzinyKasi-9-scaled-1024x684.jpg from 69 KB to 31 KB
[09-11-2020 22:43:47] Optimized file /wp-content/uploads/2020/10/UrodzinyKasi-9-scaled-150x150.jpg from 24 KB to 2 KB
[09-11-2020 22:43:48] Optimized file /wp-content/uploads/2020/10/UrodzinyKasi-9-scaled-768x513.jpg from 52 KB to 20 KB
[09-11-2020 22:43:49] Optimized file /wp-content/uploads/2020/10/UrodzinyKasi-9-scaled-1536x1025.jpg from 113 KB to 60 KB
[09-11-2020 22:43:50] Optimized file /wp-content/uploads/2020/10/UrodzinyKasi-9-scaled-2048x1367.jpg from 168 KB to 95 KB
[09-11-2020 22:43:51] Optimized file /wp-content/uploads/2020/10/UrodzinyKasi-9-scaled-850x567.jpg from 57 KB to 23 KB
[09-11-2020 22:43:52] Optimized file /wp-content/uploads/2020/10/UrodzinyKasi-9-scaled-1200x801.jpg from 83 KB to 40 KB
[09-11-2020 22:43:52] Bulk optimization launched for file : /home/platne/serwer49633/public_html/studiocollective.pl/wp-content/uploads/2020/10/UrodzinyKasi-11-scaled.jpg
[09-11-2020 22:43:52] Revert original image for : /wp-content/uploads/2020/10/UrodzinyKasi-11-scaled.jpg
[09-11-2020 22:43:57] Optimized file /wp-content/uploads/2020/10/UrodzinyKasi-11-scaled.jpg from 500 KB to 309 KB
[09-11-2020 22:43:58] Optimized file /wp-content/uploads/2020/10/UrodzinyKasi-11-scaled-300x200.jpg from 46 KB to 11 KB
[09-11-2020 22:43:59] Optimized file /wp-content/uploads/2020/10/UrodzinyKasi-11-scaled-1024x684.jpg from 142 KB to 72 KB
[09-11-2020 22:44:00] Optimized file /wp-content/uploads/2020/10/UrodzinyKasi-11-scaled-150x150.jpg from 37 KB to 5 KB
[09-11-2020 22:44:00] Optimized file /wp-content/uploads/2020/10/UrodzinyKasi-11-scaled-768x513.jpg from 102 KB to 46 KB
[09-11-2020 22:44:01] Optimized file /wp-content/uploads/2020/10/UrodzinyKasi-11-scaled-1536x1025.jpg from 239 KB to 134 KB
[09-11-2020 22:44:02] Optimized file /wp-content/uploads/2020/10/UrodzinyKasi-11-scaled-2048x1367.jpg from 352 KB to 208 KB
[09-11-2020 22:44:03] Optimized file /wp-content/uploads/2020/10/UrodzinyKasi-11-scaled-850x567.jpg from 115 KB to 54 KB
[09-11-2020 22:44:04] Optimized file /wp-content/uploads/2020/10/UrodzinyKasi-11-scaled-1200x801.jpg from 174 KB to 92 KB
[09-11-2020 22:44:04] Bulk optimization launched for file : /home/platne/serwer49633/public_html/studiocollective.pl/wp-content/uploads/2020/11/Wilczy_staw-9-min-scaled.jpg
[09-11-2020 22:44:04] Revert original image for : /wp-content/uploads/2020/11/Wilczy_staw-9-min-scaled.jpg
[09-11-2020 22:44:08] Optimized file /wp-content/uploads/2020/11/Wilczy_staw-9-min-scaled.jpg from 833 KB to 683 KB
[09-11-2020 22:44:08] Optimized file /wp-content/uploads/2020/11/Wilczy_staw-9-min-scaled-200x300.jpg from 15 KB to 12 KB
[09-11-2020 22:44:09] Optimized file /wp-content/uploads/2020/11/Wilczy_staw-9-min-scaled-684x1024.jpg from 159 KB to 129 KB
[09-11-2020 22:44:10] Optimized file /wp-content/uploads/2020/11/Wilczy_staw-9-min-scaled-150x150.jpg from 5 KB to 4 KB
[09-11-2020 22:44:11] Optimized file /wp-content/uploads/2020/11/Wilczy_staw-9-min-scaled-768x1150.jpg from 197 KB to 160 KB
[09-11-2020 22:44:13] Optimized file /wp-content/uploads/2020/11/Wilczy_staw-9-min-scaled-1025x1536.jpg from 332 KB to 271 KB
[09-11-2020 22:44:15] Optimized file /wp-content/uploads/2020/11/Wilczy_staw-9-min-scaled-1367x2048.jpg from 535 KB to 440 KB
[09-11-2020 22:44:16] Optimized file /wp-content/uploads/2020/11/Wilczy_staw-9-min-scaled-850x1273.jpg from 239 KB to 194 KB
[09-11-2020 22:44:17] Optimized file /wp-content/uploads/2020/11/Wilczy_staw-9-min-scaled-1200x1798.jpg from 433 KB to 354 KB
[09-11-2020 22:44:18] Bulk optimization launched for file : /home/platne/serwer49633/public_html/studiocollective.pl/wp-content/uploads/2020/11/Martyna_i_Dominik-352-scaled.jpg
[09-11-2020 22:44:18] Revert original image for : /wp-content/uploads/2020/11/Martyna_i_Dominik-352-scaled.jpg
[09-11-2020 22:44:21] Optimized file /wp-content/uploads/2020/11/Martyna_i_Dominik-352-scaled.jpg from 547 KB to 347 KB
[09-11-2020 22:44:21] Optimized file /wp-content/uploads/2020/11/Martyna_i_Dominik-352-scaled-300x200.jpg from 45 KB to 11 KB
[09-11-2020 22:44:22] Optimized file /wp-content/uploads/2020/11/Martyna_i_Dominik-352-scaled-1024x684.jpg from 152 KB to 81 KB
[09-11-2020 22:44:22] Optimized file /wp-content/uploads/2020/11/Martyna_i_Dominik-352-scaled-150x150.jpg from 36 KB to 4 KB
[09-11-2020 22:44:23] Optimized file /wp-content/uploads/2020/11/Martyna_i_Dominik-352-scaled-768x513.jpg from 106 KB to 51 KB
[09-11-2020 22:44:24] Optimized file /wp-content/uploads/2020/11/Martyna_i_Dominik-352-scaled-1536x1025.jpg from 262 KB to 155 KB
[09-11-2020 22:44:25] Optimized file /wp-content/uploads/2020/11/Martyna_i_Dominik-352-scaled-2048x1367.jpg from 388 KB to 239 KB
[09-11-2020 22:44:25] Optimized file /wp-content/uploads/2020/11/Martyna_i_Dominik-352-scaled-850x567.jpg from 120 KB to 60 KB
[09-11-2020 22:44:27] Optimized file /wp-content/uploads/2020/11/Martyna_i_Dominik-352-scaled-1200x801.jpg from 188 KB to 105 KB
[10-11-2020 08:32:50] Delete original image for : /home/platne/serwer49633/public_html/studiocollective.pl/wp-content/uploads/2020/11/wp-smushit.3.7.1.zip
